<?xml version="1.0" encoding="UTF-8"?>
<!-- Generated by org.testng.reporters.JUnitReportReporter -->
<testsuite skipped="0" hostname="Priya" name="searchInHomePage.SearchDataProvider" tests="3" failures="0" timestamp="14 Feb 2018 07:03:26 GMT" time="50.761" errors="0">
  <testcase name="test" time="19.830" classname="searchInHomePage.SearchDataProvider"/>
  <testcase name="test" time="17.215" classname="searchInHomePage.SearchDataProvider"/>
  <testcase name="test" time="13.716" classname="searchInHomePage.SearchDataProvider"/>
</testsuite> <!-- searchInHomePage.SearchDataProvider -->
