<?xml version="1.0" encoding="UTF-8"?>
<!-- Generated by org.testng.reporters.JUnitReportReporter -->
<testsuite skipped="0" hostname="Priya" name="com.sword.search.SearchResults" tests="3" failures="0" timestamp="14 Feb 2018 07:22:55 GMT" time="51.669" errors="0">
  <testcase name="search" time="20.509" classname="com.sword.search.SearchResults"/>
  <testcase name="search" time="16.767" classname="com.sword.search.SearchResults"/>
  <testcase name="search" time="14.393" classname="com.sword.search.SearchResults"/>
</testsuite> <!-- com.sword.search.SearchResults -->
