<?xml version="1.0" encoding="UTF-8"?>
<!-- Generated by org.testng.reporters.JUnitReportReporter -->
<testsuite skipped="0" hostname="Priya" name="com.sword.search.SearchDataProvider" tests="3" failures="0" timestamp="14 Feb 2018 07:18:14 GMT" time="51.921" errors="0">
  <testcase name="search" time="21.189" classname="com.sword.search.SearchDataProvider"/>
  <testcase name="search" time="16.570" classname="com.sword.search.SearchDataProvider"/>
  <testcase name="search" time="14.162" classname="com.sword.search.SearchDataProvider"/>
</testsuite> <!-- com.sword.search.SearchDataProvider -->
